TN:
SF:script/DeployBook.s.sol
FN:10,DeployBook.run
FNDA:0,DeployBook.run
DA:11,0
DA:12,0
DA:13,0
DA:14,0
DA:15,0
DA:16,0
FNF:1
FNH:0
LF:6
LH:0
BRF:0
BRH:0
end_of_record
TN:
SF:src/Book.sol
FN:98,Book.deposit
FNDA:164,Book.deposit
DA:107,162
DA:108,162
BRDA:108,0,0,8
BRDA:108,0,1,154
DA:109,8
DA:112,154
DA:115,152
DA:118,152
DA:120,157
DA:122,157
DA:123,157
FN:127,Book.withdraw
FNDA:14,Book.withdraw
DA:136,8
BRDA:136,1,0,-
BRDA:136,1,1,8
DA:138,8
DA:142,8
DA:143,8
DA:146,8
DA:148,8
DA:149,8
DA:150,8
FN:154,Book.take
FNDA:21,Book.take
DA:162,17
DA:163,17
DA:166,17
BRDA:166,2,0,2
BRDA:166,2,1,15
DA:170,15
DA:171,15
BRDA:171,3,0,4
BRDA:171,3,1,15
DA:172,4
DA:173,4
DA:177,15
DA:179,15
DA:180,15
BRDA:180,4,0,7
BRDA:180,4,1,15
DA:181,7
DA:182,7
DA:183,7
DA:186,15
DA:187,15
DA:190,15
DA:192,15
DA:193,15
DA:194,15
DA:196,15
FN:200,Book.borrow
FNDA:56,Book.borrow
DA:208,52
DA:211,52
BRDA:211,5,0,-
BRDA:211,5,1,52
DA:214,52
DA:215,52
DA:218,52
DA:219,52
DA:222,52
DA:226,51
DA:230,51
DA:232,50
DA:233,50
DA:234,50
FN:238,Book.repay
FNDA:19,Book.repay
DA:247,13
DA:248,13
DA:251,9
DA:253,9
DA:255,9
DA:256,9
DA:257,9
FN:267,Book._liquidateAssets
FNDA:15,Book._liquidateAssets
DA:271,15
DA:272,15
DA:275,15
DA:276,30
BRDA:276,6,0,-
BRDA:276,6,1,9
DA:277,9
DA:278,9
BRDA:278,7,0,-
BRDA:278,7,1,9
DA:279,9
FN:285,Book._reduceUserBorrow
FNDA:4,Book._reduceUserBorrow
DA:293,4
DA:294,4
DA:295,4
DA:298,4
DA:299,5
BRDA:299,8,0,-
BRDA:299,8,1,3
DA:300,5
DA:301,5
BRDA:301,9,0,-
BRDA:301,9,1,3
DA:302,4
DA:303,4
DA:304,4
BRDA:304,10,0,-
BRDA:304,10,1,3
DA:305,3
DA:306,3
DA:307,3
DA:308,3
DA:309,3
DA:311,1
DA:312,1
DA:313,1
FN:329,Book._liquidatePosition
FNDA:9,Book._liquidatePosition
DA:335,9
DA:336,9
DA:339,9
DA:340,9
DA:343,9
DA:344,9
DA:345,9
DA:346,9
BRDA:346,11,0,-
BRDA:346,11,1,9
DA:347,9
DA:348,9
BRDA:348,12,0,-
BRDA:348,12,1,9
DA:350,0
DA:351,0
DA:355,9
DA:356,9
DA:357,9
DA:362,9
DA:363,9
FN:367,Book._transferTo
FNDA:88,Book._transferTo
DA:375,88
BRDA:375,13,0,42
BRDA:375,13,1,46
DA:376,46
FN:380,Book._transferFrom
FNDA:181,Book._transferFrom
DA:386,181
BRDA:386,14,0,94
BRDA:386,14,1,87
DA:387,87
FN:393,Book._addOrderToOrders
FNDA:152,Book._addOrderToOrders
DA:402,152
DA:403,152
DA:410,152
DA:411,152
DA:412,152
FN:418,Book._addOrderIdInDepositIdsInUsers
FNDA:152,Book._addOrderIdInDepositIdsInUsers
DA:425,152
BRDA:425,15,0,152
BRDA:425,15,1,151
DA:426,152
DA:427,152
DA:428,162
BRDA:428,16,0,-
BRDA:428,16,1,151
DA:429,151
DA:430,151
DA:431,151
DA:434,152
BRDA:434,17,0,1
BRDA:434,17,1,151
FN:437,Book._removeOrderIdFromBorrowFromIdsInUsers
FNDA:0,Book._removeOrderIdFromBorrowFromIdsInUsers
DA:444,0
DA:445,0
BRDA:445,18,0,-
BRDA:445,18,1,-
FN:452,Book._addOrderIdInBorrowFromIdsInUsers
FNDA:52,Book._addOrderIdInBorrowFromIdsInUsers
DA:459,52
BRDA:459,19,0,50
BRDA:459,19,1,51
DA:460,50
DA:461,50
DA:462,53
DA:463,53
BRDA:463,20,0,-
BRDA:463,20,1,49
DA:465,49
DA:466,49
DA:467,49
DA:470,50
BRDA:470,21,0,1
BRDA:470,21,1,49
FN:473,Book._removeOrderIdFromDepositIdsInUsers
FNDA:0,Book._removeOrderIdFromDepositIdsInUsers
DA:480,0
BRDA:480,22,0,-
BRDA:480,22,1,-
DA:481,0
DA:482,0
BRDA:482,23,0,-
BRDA:482,23,1,-
FN:491,Book._addPositionToPositions
FNDA:51,Book._addPositionToPositions
DA:501,51
DA:502,51
BRDA:502,24,0,1
BRDA:502,24,1,50
DA:503,1
DA:505,50
DA:510,50
DA:511,50
DA:512,50
FN:519,Book._reduceBorrowByQuantity
FNDA:13,Book._reduceBorrowByQuantity
DA:526,13
FN:533,Book._AddPositionIdToPositionIdsInOrders
FNDA:51,Book._AddPositionIdToPositionIdsInOrders
DA:541,51
BRDA:541,25,0,50
BRDA:541,25,1,50
DA:542,50
DA:543,50
DA:544,50
DA:545,54
BRDA:545,26,0,-
BRDA:545,26,1,49
DA:546,49
DA:547,49
DA:548,49
DA:551,50
BRDA:551,27,0,1
BRDA:551,27,1,49
FN:555,Book._increaseOrderByQuantity
FNDA:8,Book._increaseOrderByQuantity
DA:562,6
FN:568,Book._reduceOrderByQuantity
FNDA:32,Book._reduceOrderByQuantity
DA:575,32
BRDA:575,28,0,32
BRDA:575,28,1,-
DA:576,0
FN:579,Book._increaseTotalAssets
FNDA:157,Book._increaseTotalAssets
DA:582,157
BRDA:582,29,0,82
BRDA:582,29,1,75
DA:583,75
FN:586,Book._decreaseTotalAssets
FNDA:30,Book._decreaseTotalAssets
DA:589,30
BRDA:589,30,0,16
BRDA:589,30,1,14
DA:590,14
FN:593,Book._increaseTotalBorrow
FNDA:50,Book._increaseTotalBorrow
DA:596,50
BRDA:596,31,0,22
BRDA:596,31,1,28
DA:597,28
FN:600,Book._decreaseTotalBorrow
FNDA:20,Book._decreaseTotalBorrow
DA:603,20
BRDA:603,32,0,10
BRDA:603,32,1,10
DA:604,10
FN:607,Book._updateInterestRate
FNDA:0,Book._updateInterestRate
DA:610,0
DA:611,0
BRDA:611,33,0,-
BRDA:611,33,1,-
DA:612,0
DA:613,0
FN:617,Book.quoteUtilizationRate
FNDA:0,Book.quoteUtilizationRate
DA:621,0
FN:624,Book.baseUtilizationRate
FNDA:0,Book.baseUtilizationRate
DA:628,0
FN:634,Book.quoteInstantRate
FNDA:0,Book.quoteInstantRate
DA:638,0
FN:644,Book.baseInstantRate
FNDA:0,Book.baseInstantRate
DA:648,0
FN:655,Book.getOrderPositionIds
FNDA:2,Book.getOrderPositionIds
DA:659,2
FN:663,Book.getUserDepositIds
FNDA:8,Book.getUserDepositIds
DA:667,8
FN:671,Book.getUserBorrowFromIds
FNDA:14,Book.getUserBorrowFromIds
DA:675,14
FN:678,Book.countOrdersOfUser
FNDA:9,Book.countOrdersOfUser
DA:682,0
DA:683,9
DA:684,9
DA:685,18
FN:689,Book._revertIfOrderHasZeroAssets
FNDA:543,Book._revertIfOrderHasZeroAssets
DA:692,543
BRDA:692,34,0,10
BRDA:692,34,1,533
FN:695,Book._orderHasAssets
FNDA:1008,Book._orderHasAssets
DA:699,1008
FN:702,Book._onlyMaker
FNDA:10,Book._onlyMaker
DA:705,10
BRDA:705,35,0,2
BRDA:705,35,1,8
FN:708,Book._revertIfPositionDoesntExist
FNDA:73,Book._revertIfPositionDoesntExist
DA:711,73
BRDA:711,36,0,-
BRDA:711,36,1,73
FN:714,Book._borrowingInPositionIsPositive
FNDA:113,Book._borrowingInPositionIsPositive
DA:718,113
FN:722,Book._userHasZeroBorrowingFromOrder
FNDA:4,Book._userHasZeroBorrowingFromOrder
DA:729,4
DA:730,4
DA:731,4
FN:735,Book.getMaker
FNDA:0,Book.getMaker
DA:739,10
FN:743,Book.getUserTotalDeposit
FNDA:0,Book.getUserTotalDeposit
DA:750,147
DA:751,147
DA:752,147
DA:753,294
BRDA:753,37,0,-
BRDA:753,37,1,215
DA:754,215
FN:759,Book.getUserTotalBorrowedAssets
FNDA:0,Book.getUserTotalBorrowedAssets
DA:766,147
DA:767,147
DA:768,147
DA:769,294
FN:774,Book._getOrderBorrowedAssets
FNDA:0,Book._getOrderBorrowedAssets
DA:781,294
BRDA:781,38,0,147
BRDA:781,38,1,147
DA:782,147
DA:783,147
DA:784,294
FN:792,Book.getBorrowerNeededCollateral
FNDA:0,Book.getBorrowerNeededCollateral
DA:799,0
DA:800,147
DA:801,147
DA:802,294
DA:803,294
BRDA:803,39,0,16
BRDA:803,39,1,155
DA:804,155
DA:805,155
BRDA:805,40,0,16
BRDA:805,40,1,155
DA:806,16
DA:807,16
FN:816,Book.getUserExcessCollateral
FNDA:20,Book.getUserExcessCollateral
DA:822,147
FN:829,Book.getTotalAssetsLentByOrder
FNDA:0,Book.getTotalAssetsLentByOrder
DA:833,95
DA:834,95
DA:835,95
DA:836,190
FN:844,Book.outable
FNDA:18,Book.outable
DA:852,95
DA:853,95
DA:854,95
DA:857,95
DA:858,91
BRDA:857,41,0,9
BRDA:857,41,1,86
DA:859,9
DA:860,86
FN:864,Book.nonBorrowedAssetsInOrder
FNDA:0,Book.nonBorrowedAssetsInOrder
DA:869,0
FN:876,Book._getDepositIdsRowInUsers
FNDA:152,Book._getDepositIdsRowInUsers
DA:883,152
DA:884,152
DA:885,152
DA:886,304
BRDA:886,42,0,-
BRDA:886,42,1,304
DA:887,0
DA:888,0
FN:896,Book._getPositionIdFromPositionIdsInUsers
FNDA:224,Book._getPositionIdFromPositionIdsInUsers
DA:903,224
DA:904,224
BRDA:904,43,0,-
BRDA:904,43,1,32
DA:905,192
FN:911,Book._getBorrowFromIdsRowInUsers
FNDA:52,Book._getBorrowFromIdsRowInUsers
DA:918,52
DA:919,52
DA:920,52
DA:921,102
BRDA:921,44,0,2
BRDA:921,44,1,100
DA:922,2
DA:923,2
FN:931,Book._getOrderIdInDepositIdsInUsers
FNDA:162,Book._getOrderIdInDepositIdsInUsers
DA:940,162
DA:941,162
DA:942,162
DA:944,316
DA:945,8
BRDA:943,45,0,-
BRDA:943,45,1,8
DA:947,8
DA:948,8
FN:956,Book._getPositionIdsRowInOrders
FNDA:279,Book._getPositionIdsRowInOrders
DA:963,279
DA:964,279
DA:965,279
DA:966,290
BRDA:966,46,0,50
BRDA:966,46,1,279
DA:967,50
DA:968,40
BRDA:967,47,0,37
BRDA:967,47,1,13
DA:969,37
DA:970,37
FN:977,Book._converts
FNDA:106,Book._converts
DA:986,106
FN:989,Book._minDeposit
FNDA:249,Book._minDeposit
DA:993,249
FN:996,Book._revertIfSuperiorTo
FNDA:279,Book._revertIfSuperiorTo
DA:1003,277
BRDA:1003,48,0,4
BRDA:1003,48,1,273
FN:1006,Book._revertIfNonPositive
FNDA:1139,Book._revertIfNonPositive
DA:1009,1139
BRDA:1009,49,0,14
BRDA:1009,49,1,1125
FNF:57
FNH:43
LF:250
LH:229
BRF:100
BRH:74
end_of_record
TN:
SF:src/Token.sol
FN:21,Token.getInitialSupply
FNDA:0,Token.getInitialSupply
DA:22,0
FNF:1
FNH:0
LF:1
LH:0
BRF:0
BRH:0
end_of_record
TN:
SF:test/Setup.sol
FN:28,Setup.setUp
FNDA:0,Setup.setUp
DA:29,0
DA:30,0
DA:31,0
FN:35,Setup.fundingAccounts
FNDA:0,Setup.fundingAccounts
DA:36,0
DA:37,0
DA:38,0
DA:39,0
DA:40,0
DA:41,0
DA:42,0
DA:43,0
DA:44,0
DA:45,0
FN:49,Setup.depositBuyOrder
FNDA:0,Setup.depositBuyOrder
DA:50,0
DA:51,0
FN:54,Setup.depositSellOrder
FNDA:0,Setup.depositSellOrder
DA:55,0
DA:56,0
FN:59,Setup.withdraw
FNDA:0,Setup.withdraw
DA:60,0
DA:61,0
FN:64,Setup.take
FNDA:0,Setup.take
DA:65,0
DA:66,0
FN:69,Setup.repay
FNDA:0,Setup.repay
DA:70,0
DA:71,0
FN:74,Setup.borrow
FNDA:0,Setup.borrow
DA:75,0
DA:76,0
FN:79,Setup.checkOrderQuantity
FNDA:0,Setup.checkOrderQuantity
DA:80,0
DA:81,0
FN:84,Setup.checkBorrowingQuantity
FNDA:0,Setup.checkBorrowingQuantity
DA:85,0
DA:86,0
FN:89,Setup.checkOrderPositionId
FNDA:0,Setup.checkOrderPositionId
DA:90,0
FN:93,Setup.checkUserDepositId
FNDA:0,Setup.checkUserDepositId
DA:94,0
FN:97,Setup.checkUserBorrowId
FNDA:0,Setup.checkUserBorrowId
DA:98,0
FNF:13
FNH:0
LF:32
LH:0
BRF:0
BRH:0
end_of_record
